mode: set
github.com/gingersamurai/financial-bot/internal/model/messages/addSpending_command.go:25.39,29.2 3 0
github.com/gingersamurai/financial-bot/internal/model/messages/addSpending_command.go:31.57,34.2 2 0
github.com/gingersamurai/financial-bot/internal/model/messages/addSpending_command.go:36.103,38.30 2 0
github.com/gingersamurai/financial-bot/internal/model/messages/addSpending_command.go:38.30,39.26 1 0
github.com/gingersamurai/financial-bot/internal/model/messages/addSpending_command.go:39.26,40.66 1 0
github.com/gingersamurai/financial-bot/internal/model/messages/addSpending_command.go:40.66,42.5 1 0
github.com/gingersamurai/financial-bot/internal/model/messages/addSpending_command.go:45.2,45.20 1 0
github.com/gingersamurai/financial-bot/internal/model/messages/addSpending_command.go:48.62,56.2 4 1
github.com/gingersamurai/financial-bot/internal/model/messages/addSpending_command.go:58.68,61.54 3 1
github.com/gingersamurai/financial-bot/internal/model/messages/addSpending_command.go:61.54,65.17 2 1
github.com/gingersamurai/financial-bot/internal/model/messages/addSpending_command.go:65.17,67.4 1 0
github.com/gingersamurai/financial-bot/internal/model/messages/addSpending_command.go:70.3,73.29 2 1
github.com/gingersamurai/financial-bot/internal/model/messages/addSpending_command.go:73.29,75.18 2 1
github.com/gingersamurai/financial-bot/internal/model/messages/addSpending_command.go:75.18,77.5 1 0
github.com/gingersamurai/financial-bot/internal/model/messages/addSpending_command.go:78.9,80.4 1 0
github.com/gingersamurai/financial-bot/internal/model/messages/addSpending_command.go:82.8,84.3 1 1
github.com/gingersamurai/financial-bot/internal/model/messages/addSpending_command.go:85.2,85.12 1 1
github.com/gingersamurai/financial-bot/internal/model/messages/incoming_msg.go:13.41,17.2 1 1
github.com/gingersamurai/financial-bot/internal/model/messages/incoming_msg.go:24.52,25.9 1 1
github.com/gingersamurai/financial-bot/internal/model/messages/incoming_msg.go:26.28,27.53 1 1
github.com/gingersamurai/financial-bot/internal/model/messages/incoming_msg.go:29.51,29.51 0 0
github.com/gingersamurai/financial-bot/internal/model/messages/incoming_msg.go:31.10,32.86 1 1
github.com/gingersamurai/financial-bot/internal/model/messages/incoming_msg.go:34.2,34.12 1 0
